<?xml version="1.0" encoding="UTF-8"?>
<!-- Generated by org.testng.reporters.JUnitXMLReporter -->
<testsuite ignored="6" hostname="HP-VICTUS-144Hz" failures="0" tests="2" name="grouping concept" time="0.039" errors="0" timestamp="2025-10-03T14:30:48 IST">
  <testcase classname="day44.PaymentTest" name="paymentByrs" time="0.005"/>
  <testcase classname="day44.PaymentTest" name="paymentByCard" time="0.001"/>
  <testcase classname="day44.SignUpTest" name="signUpTwitter" time="0.0">
    <ignored/>
  </testcase> <!-- signUpTwitter -->
  <testcase classname="day44.LoginTest" name="loginByFaceBook" time="0.0">
    <ignored/>
  </testcase> <!-- loginByFaceBook -->
  <testcase classname="day44.SignUpTest" name="signUpByEmail" time="0.0">
    <ignored/>
  </testcase> <!-- signUpByEmail -->
  <testcase classname="day44.SignUpTest" name="signUpFaceBook" time="0.0">
    <ignored/>
  </testcase> <!-- signUpFaceBook -->
  <testcase classname="day44.LoginTest" name="loginByTwitter" time="0.0">
    <ignored/>
  </testcase> <!-- loginByTwitter -->
  <testcase classname="day44.LoginTest" name="loginByEmail" time="0.0">
    <ignored/>
  </testcase> <!-- loginByEmail -->
</testsuite> <!-- grouping concept -->
