<?xml version="1.0" encoding="UTF-8"?>
<!-- Generated by org.testng.reporters.JUnitXMLReporter -->
<testsuite ignored="0" hostname="HP-VICTUS-144Hz" failures="0" tests="3" name="FireFox" time="15.924" errors="0" timestamp="2025-10-03T16:19:42 IST">
  <testcase classname="day45.ParamTesting" name="testLogo" time="0.04"/>
  <testcase classname="day45.ParamTesting" name="testTitle" time="0.006"/>
  <testcase classname="day45.ParamTesting" name="testUrl" time="0.005"/>
</testsuite> <!-- FireFox -->
